2026-01-08 13:31:07.976 | INFO     | database.connection:get_engine:85 - Conectando a base de datos: ./data/sgte.db
2026-01-08 13:31:08.115 | DEBUG    | database.connection:set_sqlite_pragma:124 - SQLite PRAGMAs configurados (WAL mode, foreign keys, cache)
2026-01-08 13:31:08.121 | INFO     | database.connection:init_database:229 - Base de datos inicializada correctamente
2026-01-08 13:31:08.123 | INFO     | __main__:init_app:65 - Base de datos inicializada correctamente
2026-01-08 20:10:35.581 | INFO     | database.connection:get_engine:85 - Conectando a base de datos: ./data/sgte.db
2026-01-08 20:10:35.669 | DEBUG    | database.connection:set_sqlite_pragma:124 - SQLite PRAGMAs configurados (WAL mode, foreign keys, cache)
2026-01-08 20:10:35.678 | INFO     | database.connection:init_database:229 - Base de datos inicializada correctamente
2026-01-08 20:10:35.679 | INFO     | __main__:init_app:65 - Base de datos inicializada correctamente
2026-01-08 20:10:53.909 | ERROR    | database.connection:get_session_context:202 - Error en transacción, rollback ejecutado: (sqlite3.OperationalError) no such column: estudiantes.email
[SQL: SELECT estudiantes.run AS estudiantes_run, estudiantes.nombres AS estudiantes_nombres, estudiantes.apellidos AS estudiantes_apellidos, estudiantes.carrera AS estudiantes_carrera, estudiantes.email AS estudiantes_email, estudiantes.created_at AS estudiantes_created_at, estudiantes.updated_at AS estudiantes_updated_at 
FROM estudiantes ORDER BY estudiantes.apellidos
 LIMIT ? OFFSET ?]
[parameters: (100, 0)]
(Background on this error at: https://sqlalche.me/e/20/e3q8)
2026-01-08 20:10:53.909 | ERROR    | services.estudiantes:buscar_estudiantes:203 - Error buscando estudiantes: (sqlite3.OperationalError) no such column: estudiantes.email
[SQL: SELECT estudiantes.run AS estudiantes_run, estudiantes.nombres AS estudiantes_nombres, estudiantes.apellidos AS estudiantes_apellidos, estudiantes.carrera AS estudiantes_carrera, estudiantes.email AS estudiantes_email, estudiantes.created_at AS estudiantes_created_at, estudiantes.updated_at AS estudiantes_updated_at 
FROM estudiantes ORDER BY estudiantes.apellidos
 LIMIT ? OFFSET ?]
[parameters: (100, 0)]
(Background on this error at: https://sqlalche.me/e/20/e3q8)
2026-01-08 20:11:06.810 | ERROR    | database.connection:get_session_context:202 - Error en transacción, rollback ejecutado: (sqlite3.OperationalError) no such column: estudiantes.email
[SQL: SELECT estudiantes.run AS estudiantes_run, estudiantes.nombres AS estudiantes_nombres, estudiantes.apellidos AS estudiantes_apellidos, estudiantes.carrera AS estudiantes_carrera, estudiantes.email AS estudiantes_email, estudiantes.created_at AS estudiantes_created_at, estudiantes.updated_at AS estudiantes_updated_at 
FROM estudiantes 
WHERE estudiantes.carrera = ? ORDER BY estudiantes.apellidos
 LIMIT ? OFFSET ?]
[parameters: ('1354 - Ingeniería de Ejecución Industrial', 100, 0)]
(Background on this error at: https://sqlalche.me/e/20/e3q8)
2026-01-08 20:11:06.810 | ERROR    | services.estudiantes:buscar_estudiantes:203 - Error buscando estudiantes: (sqlite3.OperationalError) no such column: estudiantes.email
[SQL: SELECT estudiantes.run AS estudiantes_run, estudiantes.nombres AS estudiantes_nombres, estudiantes.apellidos AS estudiantes_apellidos, estudiantes.carrera AS estudiantes_carrera, estudiantes.email AS estudiantes_email, estudiantes.created_at AS estudiantes_created_at, estudiantes.updated_at AS estudiantes_updated_at 
FROM estudiantes 
WHERE estudiantes.carrera = ? ORDER BY estudiantes.apellidos
 LIMIT ? OFFSET ?]
[parameters: ('1354 - Ingeniería de Ejecución Industrial', 100, 0)]
(Background on this error at: https://sqlalche.me/e/20/e3q8)
2026-01-08 20:11:13.743 | ERROR    | database.connection:get_session_context:202 - Error en transacción, rollback ejecutado: (sqlite3.OperationalError) no such column: estudiantes.email
[SQL: SELECT estudiantes.run AS estudiantes_run, estudiantes.nombres AS estudiantes_nombres, estudiantes.apellidos AS estudiantes_apellidos, estudiantes.carrera AS estudiantes_carrera, estudiantes.email AS estudiantes_email, estudiantes.created_at AS estudiantes_created_at, estudiantes.updated_at AS estudiantes_updated_at 
FROM estudiantes ORDER BY estudiantes.apellidos
 LIMIT ? OFFSET ?]
[parameters: (50, 0)]
(Background on this error at: https://sqlalche.me/e/20/e3q8)
2026-01-08 20:11:13.746 | ERROR    | services.estudiantes:buscar_estudiantes:203 - Error buscando estudiantes: (sqlite3.OperationalError) no such column: estudiantes.email
[SQL: SELECT estudiantes.run AS estudiantes_run, estudiantes.nombres AS estudiantes_nombres, estudiantes.apellidos AS estudiantes_apellidos, estudiantes.carrera AS estudiantes_carrera, estudiantes.email AS estudiantes_email, estudiantes.created_at AS estudiantes_created_at, estudiantes.updated_at AS estudiantes_updated_at 
FROM estudiantes ORDER BY estudiantes.apellidos
 LIMIT ? OFFSET ?]
[parameters: (50, 0)]
(Background on this error at: https://sqlalche.me/e/20/e3q8)
2026-01-08 20:11:16.117 | ERROR    | database.connection:get_session_context:202 - Error en transacción, rollback ejecutado: (sqlite3.OperationalError) no such column: estudiantes.email
[SQL: SELECT estudiantes.run AS estudiantes_run, estudiantes.nombres AS estudiantes_nombres, estudiantes.apellidos AS estudiantes_apellidos, estudiantes.carrera AS estudiantes_carrera, estudiantes.email AS estudiantes_email, estudiantes.created_at AS estudiantes_created_at, estudiantes.updated_at AS estudiantes_updated_at 
FROM estudiantes ORDER BY estudiantes.apellidos
 LIMIT ? OFFSET ?]
[parameters: (200, 0)]
(Background on this error at: https://sqlalche.me/e/20/e3q8)
2026-01-08 20:11:16.119 | ERROR    | services.estudiantes:buscar_estudiantes:203 - Error buscando estudiantes: (sqlite3.OperationalError) no such column: estudiantes.email
[SQL: SELECT estudiantes.run AS estudiantes_run, estudiantes.nombres AS estudiantes_nombres, estudiantes.apellidos AS estudiantes_apellidos, estudiantes.carrera AS estudiantes_carrera, estudiantes.email AS estudiantes_email, estudiantes.created_at AS estudiantes_created_at, estudiantes.updated_at AS estudiantes_updated_at 
FROM estudiantes ORDER BY estudiantes.apellidos
 LIMIT ? OFFSET ?]
[parameters: (200, 0)]
(Background on this error at: https://sqlalche.me/e/20/e3q8)
2026-01-08 20:12:31.183 | ERROR    | database.connection:get_session_context:202 - Error en transacción, rollback ejecutado: (sqlite3.OperationalError) no such column: estudiantes.email
[SQL: SELECT estudiantes.run AS estudiantes_run, estudiantes.nombres AS estudiantes_nombres, estudiantes.apellidos AS estudiantes_apellidos, estudiantes.carrera AS estudiantes_carrera, estudiantes.email AS estudiantes_email, estudiantes.created_at AS estudiantes_created_at, estudiantes.updated_at AS estudiantes_updated_at 
FROM estudiantes]
(Background on this error at: https://sqlalche.me/e/20/e3q8)
2026-01-08 20:14:31.141 | INFO     | database.connection:get_engine:85 - Conectando a base de datos: ./data/sgte.db
2026-01-08 20:14:31.313 | DEBUG    | database.connection:set_sqlite_pragma:124 - SQLite PRAGMAs configurados (WAL mode, foreign keys, cache)
2026-01-08 20:14:31.316 | INFO     | database.connection:init_database:229 - Base de datos inicializada correctamente
2026-01-08 20:14:31.316 | INFO     | __main__:init_app:65 - Base de datos inicializada correctamente
2026-01-08 20:15:02.177 | ERROR    | database.connection:get_session_context:202 - Error en transacción, rollback ejecutado: (sqlite3.OperationalError) no such column: estudiantes.email
[SQL: SELECT estudiantes.run AS estudiantes_run, estudiantes.nombres AS estudiantes_nombres, estudiantes.apellidos AS estudiantes_apellidos, estudiantes.carrera AS estudiantes_carrera, estudiantes.email AS estudiantes_email, estudiantes.created_at AS estudiantes_created_at, estudiantes.updated_at AS estudiantes_updated_at 
FROM estudiantes ORDER BY estudiantes.apellidos
 LIMIT ? OFFSET ?]
[parameters: (100, 0)]
(Background on this error at: https://sqlalche.me/e/20/e3q8)
2026-01-08 20:15:02.178 | ERROR    | services.estudiantes:buscar_estudiantes:203 - Error buscando estudiantes: (sqlite3.OperationalError) no such column: estudiantes.email
[SQL: SELECT estudiantes.run AS estudiantes_run, estudiantes.nombres AS estudiantes_nombres, estudiantes.apellidos AS estudiantes_apellidos, estudiantes.carrera AS estudiantes_carrera, estudiantes.email AS estudiantes_email, estudiantes.created_at AS estudiantes_created_at, estudiantes.updated_at AS estudiantes_updated_at 
FROM estudiantes ORDER BY estudiantes.apellidos
 LIMIT ? OFFSET ?]
[parameters: (100, 0)]
(Background on this error at: https://sqlalche.me/e/20/e3q8)
2026-01-08 20:18:46.956 | INFO     | database.connection:get_engine:85 - Conectando a base de datos: ./data/sgte.db
2026-01-08 20:18:46.998 | DEBUG    | database.connection:set_sqlite_pragma:124 - SQLite PRAGMAs configurados (WAL mode, foreign keys, cache)
2026-01-08 20:18:47.004 | INFO     | database.connection:init_database:229 - Base de datos inicializada correctamente
2026-01-08 20:18:47.006 | INFO     | __main__:init_app:65 - Base de datos inicializada correctamente
2026-01-08 20:20:33.059 | INFO     | database.connection:get_engine:85 - Conectando a base de datos: ./data/sgte.db
2026-01-08 20:20:33.077 | DEBUG    | database.connection:set_sqlite_pragma:124 - SQLite PRAGMAs configurados (WAL mode, foreign keys, cache)
2026-01-08 20:20:33.086 | INFO     | database.connection:init_database:229 - Base de datos inicializada correctamente
2026-01-08 20:20:33.086 | INFO     | __main__:init_app:65 - Base de datos inicializada correctamente
2026-01-08 20:22:41.255 | ERROR    | database.connection:log_user_action:367 - Error registrando en bitácora: QueuePool limit of size 1 overflow 0 reached, connection timed out, timeout 30.00 (Background on this error at: https://sqlalche.me/e/20/3o7r)
2026-01-08 20:22:41.255 | INFO     | services.estudiantes:actualizar_estudiante:267 - Estudiante actualizado: 17.189.191-4
2026-01-08 20:23:11.430 | ERROR    | database.connection:log_user_action:367 - Error registrando en bitácora: QueuePool limit of size 1 overflow 0 reached, connection timed out, timeout 30.00 (Background on this error at: https://sqlalche.me/e/20/3o7r)
2026-01-08 20:23:11.431 | INFO     | services.estudiantes:actualizar_estudiante:267 - Estudiante actualizado: 17.189.191-4
2026-01-08 20:26:19.367 | INFO     | database.connection:get_engine:85 - Conectando a base de datos: ./data/sgte.db
2026-01-08 20:26:19.436 | DEBUG    | database.connection:set_sqlite_pragma:124 - SQLite PRAGMAs configurados (WAL mode, foreign keys, cache)
2026-01-08 20:26:19.436 | INFO     | database.connection:init_database:229 - Base de datos inicializada correctamente
2026-01-08 20:26:19.436 | INFO     | __main__:init_app:65 - Base de datos inicializada correctamente
2026-01-08 20:28:07.021 | ERROR    | database.connection:log_user_action:367 - Error registrando en bitácora: QueuePool limit of size 1 overflow 0 reached, connection timed out, timeout 30.00 (Background on this error at: https://sqlalche.me/e/20/3o7r)
2026-01-08 20:28:07.022 | INFO     | services.estudiantes:actualizar_estudiante:267 - Estudiante actualizado: 20.536.899-K
2026-01-08 20:28:37.183 | ERROR    | database.connection:log_user_action:367 - Error registrando en bitácora: QueuePool limit of size 1 overflow 0 reached, connection timed out, timeout 30.00 (Background on this error at: https://sqlalche.me/e/20/3o7r)
2026-01-08 20:28:37.185 | INFO     | services.estudiantes:actualizar_estudiante:267 - Estudiante actualizado: 20.536.899-K
2026-01-08 20:45:01.266 | INFO     | database.connection:init_database:229 - Base de datos inicializada correctamente
2026-01-08 20:45:01.269 | INFO     | __main__:init_app:65 - Base de datos inicializada correctamente
2026-01-08 21:05:33.688 | INFO     | database.connection:get_engine:85 - Conectando a base de datos: ./data/sgte.db
2026-01-08 21:05:33.737 | DEBUG    | database.connection:set_sqlite_pragma:124 - SQLite PRAGMAs configurados (WAL mode, foreign keys, cache)
2026-01-08 21:05:33.740 | INFO     | database.connection:init_database:229 - Base de datos inicializada correctamente
2026-01-08 21:05:33.740 | INFO     | __main__:init_app:66 - Base de datos inicializada correctamente
2026-01-08 21:30:25.615 | INFO     | database.connection:init_database:229 - Base de datos inicializada correctamente
2026-01-08 21:30:25.619 | INFO     | __main__:init_app:66 - Base de datos inicializada correctamente
2026-01-08 21:47:14.096 | INFO     | database.connection:get_engine:85 - Conectando a base de datos: ./data/sgte.db
2026-01-08 21:47:14.223 | DEBUG    | database.connection:set_sqlite_pragma:124 - SQLite PRAGMAs configurados (WAL mode, foreign keys, cache)
2026-01-08 21:47:14.226 | INFO     | database.connection:init_database:229 - Base de datos inicializada correctamente
2026-01-08 21:47:14.226 | INFO     | __main__:init_app:66 - Base de datos inicializada correctamente
2026-01-08 23:07:37.498 | INFO     | database.connection:get_engine:87 - 🔌 Creando engine SQLite (CACHED): ./data/sgte.db
2026-01-08 23:07:37.607 | DEBUG    | database.connection:set_sqlite_pragma:142 - ✅ SQLite PRAGMAs optimizados para red aplicados
2026-01-08 23:07:37.612 | INFO     | database.connection:init_database:260 - ✅ Base de datos inicializada correctamente
2026-01-08 23:07:37.613 | INFO     | __main__:init_app_cached:95 - ✅ Base de datos inicializada correctamente
2026-01-08 23:07:44.751 | DEBUG    | database.connection:_get_session_factory:166 - 📦 SessionLocal factory creado
2026-01-08 23:07:44.764 | ERROR    | __main__:get_dashboard_metrics:136 - Error obteniendo métricas: cannot import name 'contar_estudiantes_por_estado' from 'services.estudiantes' (C:\Users\YomiT\Documents\Tesis\SGTE\services\estudiantes.py)
2026-01-08 23:19:27.120 | INFO     | database.connection:get_engine:87 - 🔌 Creando engine SQLite (CACHED): ./data/sgte.db
2026-01-08 23:19:27.231 | DEBUG    | database.connection:set_sqlite_pragma:142 - ✅ SQLite PRAGMAs optimizados para red aplicados
2026-01-08 23:19:27.232 | INFO     | database.connection:init_database:260 - ✅ Base de datos inicializada correctamente
2026-01-08 23:19:27.232 | INFO     | __main__:init_app_cached:95 - ✅ Base de datos inicializada correctamente
2026-01-08 23:19:34.632 | DEBUG    | database.connection:_get_session_factory:166 - 📦 SessionLocal factory creado
2026-01-08 23:21:55.103 | INFO     | database.connection:get_engine:87 - 🔌 Creando engine SQLite (CACHED): ./data/sgte.db
2026-01-08 23:21:55.147 | DEBUG    | database.connection:set_sqlite_pragma:142 - ✅ SQLite PRAGMAs optimizados para red aplicados
2026-01-08 23:21:55.149 | INFO     | database.connection:init_database:260 - ✅ Base de datos inicializada correctamente
2026-01-08 23:21:55.151 | INFO     | __main__:init_app_cached:95 - ✅ Base de datos inicializada correctamente
2026-01-08 23:21:56.568 | DEBUG    | database.connection:_get_session_factory:166 - 📦 SessionLocal factory creado
2026-01-08 23:27:22.901 | INFO     | database.connection:get_engine:87 - 🔌 Creando engine SQLite (CACHED): ./data/sgte.db
2026-01-08 23:27:22.971 | DEBUG    | database.connection:set_sqlite_pragma:142 - ✅ SQLite PRAGMAs optimizados para red aplicados
2026-01-08 23:27:22.976 | INFO     | database.connection:init_database:260 - ✅ Base de datos inicializada correctamente
2026-01-08 23:27:22.977 | INFO     | __main__:init_app_cached:95 - ✅ Base de datos inicializada correctamente
2026-01-08 23:27:25.635 | DEBUG    | database.connection:_get_session_factory:166 - 📦 SessionLocal factory creado
2026-01-08 23:35:03.641 | INFO     | database.connection:get_engine:87 - 🔌 Creando engine SQLite (CACHED): ./data/sgte.db
2026-01-08 23:35:03.717 | DEBUG    | database.connection:set_sqlite_pragma:142 - ✅ SQLite PRAGMAs optimizados para red aplicados
2026-01-08 23:35:03.723 | INFO     | database.connection:init_database:260 - ✅ Base de datos inicializada correctamente
2026-01-08 23:35:03.723 | INFO     | __main__:init_app_cached:96 - ✅ Base de datos inicializada correctamente
2026-01-08 23:35:05.859 | DEBUG    | database.connection:_get_session_factory:166 - 📦 SessionLocal factory creado
2026-01-08 23:37:46.145 | INFO     | database.connection:get_engine:87 - 🔌 Creando engine SQLite (CACHED): ./data/sgte.db
2026-01-08 23:37:46.194 | DEBUG    | database.connection:set_sqlite_pragma:142 - ✅ SQLite PRAGMAs optimizados para red aplicados
2026-01-08 23:37:46.194 | INFO     | database.connection:init_database:260 - ✅ Base de datos inicializada correctamente
2026-01-08 23:37:46.199 | INFO     | __main__:init_app_cached:96 - ✅ Base de datos inicializada correctamente
2026-01-08 23:37:48.270 | DEBUG    | database.connection:_get_session_factory:166 - 📦 SessionLocal factory creado
2026-01-09 00:00:14.865 | DEBUG    | database.connection:_get_session_factory:166 - 📦 SessionLocal factory creado
